[GIN-debug] [WARNING] Creating an Engine instance with the Logger and Recovery middleware already attached.

[GIN-debug] [WARNING] Running in "debug" mode. Switch to "release" mode in production.
 - using env:	export GIN_MODE=release
 - using code:	gin.SetMode(gin.ReleaseMode)

[GIN-debug] POST   /seedotech.usermanagement/api/v1/admin/auth --> github.com/ddr4869/go-microservices/src/user-microservice/controllers.(*User).Authenticate-fm (3 handlers)
[GIN-debug] POST   /seedotech.usermanagement/api/v1/users --> github.com/ddr4869/go-microservices/src/user-microservice/controllers.(*User).AddUser-fm (4 handlers)
[GIN-debug] GET    /seedotech.usermanagement/api/v1/users/list --> github.com/ddr4869/go-microservices/src/user-microservice/controllers.(*User).ListUsers-fm (4 handlers)
[GIN-debug] GET    /seedotech.usermanagement/api/v1/users/detail/:id --> github.com/ddr4869/go-microservices/src/user-microservice/controllers.(*User).GetUserByID-fm (4 handlers)
[GIN-debug] GET    /seedotech.usermanagement/api/v1/users/ --> github.com/ddr4869/go-microservices/src/user-microservice/controllers.(*User).GetUserByParams-fm (4 handlers)
[GIN-debug] DELETE /seedotech.usermanagement/api/v1/users/:id --> github.com/ddr4869/go-microservices/src/user-microservice/controllers.(*User).DeleteUserByID-fm (4 handlers)
[GIN-debug] PATCH  /seedotech.usermanagement/api/v1/users --> github.com/ddr4869/go-microservices/src/user-microservice/controllers.(*User).UpdateUser-fm (4 handlers)
[GIN-debug] GET    /swagger/*any             --> github.com/swaggo/gin-swagger.CustomWrapHandler.func1 (3 handlers)
[GIN-debug] [WARNING] You trusted all proxies, this is NOT safe. We recommend you to set a value.
Please check https://pkg.go.dev/github.com/gin-gonic/gin#readme-don-t-trust-all-proxies for details.
[GIN-debug] Listening and serving HTTP on :8808
[GIN] 2024/05/29 - 12:00:04 | 404 |       1.333µs |             ::1 | POST     "/api/v1/users"
[GIN] 2024/05/29 - 12:00:21 | 401 |     204.125µs |             ::1 | POST     "/seedotech.usermanagement/api/v1/users"
Error #01: Token is expired
[GIN] 2024/05/29 - 12:00:35 | 404 |        1.25µs |             ::1 | POST     "/api/v1/admin/auth"
[GIN] 2024/05/29 - 12:00:52 | 200 |     2.76425ms |             ::1 | POST     "/seedotech.usermanagement/api/v1/admin/auth"
[GIN] 2024/05/29 - 12:01:22 | 200 |    5.231125ms |             ::1 | POST     "/seedotech.usermanagement/api/v1/users"
[GIN] 2024/05/29 - 12:01:31 | 200 |    2.016625ms |             ::1 | POST     "/seedotech.usermanagement/api/v1/users"
